1508774956927	geckodriver	INFO	geckodriver 0.19.0
1508774956943	geckodriver	INFO	Listening on 127.0.0.1:57386
1508774959068	mozrunner::runner	INFO	Running command: "C:\\Program Files\\Mozilla Firefox\\firefox.exe" "-marionette" "-profile" "C:\\Users\\Szymon\\AppData\\Local\\Temp\\rust_mozprofile.DuQDynsUnBgj"
1508774960181	addons.xpi	WARN	Error parsing extensions state: [Exception... "Component returned failure code: 0x80520012 (NS_ERROR_FILE_NOT_FOUND) [amIAddonManagerStartup.readStartupData]"  nsresult: "0x80520012 (NS_ERROR_FILE_NOT_FOUND)"  location: "JS frame :: resource://gre/modules/addons/XPIProvider.jsm :: loadExtensionState :: line 1554"  data: no] Stack trace: loadExtensionState()@resource://gre/modules/addons/XPIProvider.jsm:1554 < getInstallState()@resource://gre/modules/addons/XPIProvider.jsm:1589 < checkForChanges()@resource://gre/modules/addons/XPIProvider.jsm:3109 < startup()@resource://gre/modules/addons/XPIProvider.jsm:2188 < callProvider()@resource://gre/modules/AddonManager.jsm:269 < _startProvider()@resource://gre/modules/AddonManager.jsm:739 < startup()@resource://gre/modules/AddonManager.jsm:906 < startup()@resource://gre/modules/AddonManager.jsm:3090 < observe()@jar:file:///C:/Program%20Files/Mozilla%20Firefox/omni.ja!/components/addonManager.js:65
1508774960752	Marionette	INFO	Enabled via --marionette
Unable to read VR Path Registry from C:\Users\Szymon\AppData\Local\openvr\openvrpaths.vrpath
[Parent 3756] WARNING: pipe error: 109: file z:/build/build/src/ipc/chromium/src/chrome/common/ipc_channel_win.cc, line 346
Unable to read VR Path Registry from C:\Users\Szymon\AppData\Local\openvr\openvrpaths.vrpath
[Child 11140] WARNING: pipe error: 109: file z:/build/build/src/ipc/chromium/src/chrome/common/ipc_channel_win.cc, line 346
[Child 11140] WARNING: pipe error: 109: file z:/build/build/src/ipc/chromium/src/chrome/common/ipc_channel_win.cc, line 346
1508774963840	Marionette	INFO	Listening on port 57392
1508774964436	Marionette	WARN	TLS certificate errors will be ignored for this session
1508774964514	Marionette	DEBUG	Register listener.js for window 4294967297
1508774964559	Marionette	DEBUG	Received DOM event "beforeunload" for "about:blank"
1508774966245	Marionette	DEBUG	Received DOM event "pagehide" for "about:blank"
1508774966246	Marionette	DEBUG	Received DOM event "unload" for "about:blank"
1508774967341	Marionette	DEBUG	Received observer notification "outer-window-destroyed" for "4294967301"
1508774967506	Marionette	DEBUG	Received observer notification "outer-window-destroyed" for "4294967302"
1508774968459	Marionette	DEBUG	Received DOM event "DOMContentLoaded" for "https://support.lenovo.com/pl/en/partslookup"
1508774969019	Marionette	DEBUG	Received DOM event "pageshow" for "https://support.lenovo.com/pl/en/partslookup"
[Parent 3756] WARNING: pipe error: 109: file z:/build/build/src/ipc/chromium/src/chrome/common/ipc_channel_win.cc, line 346
[Parent 3756] WARNING: pipe error: 109: file z:/build/build/src/ipc/chromium/src/chrome/common/ipc_channel_win.cc, line 346
Unable to read VR Path Registry from C:\Users\Szymon\AppData\Local\openvr\openvrpaths.vrpath
[Child 7416] WARNING: pipe error: 109: file z:/build/build/src/ipc/chromium/src/chrome/common/ipc_channel_win.cc, line 346

###!!! [Child][MessageChannel::SendAndWait] Error: Channel error: cannot send/recv

